Determining if the CL_VERSION_2_2 exist failed with the following output:
Change Dir: /home/eva/Downloads/DBSE---Project/CODD-pro-master/build/CMakeFiles/CMakeTmp

Run Build Command(s):/usr/bin/make cmTC_718ee/fast && /usr/bin/make  -f CMakeFiles/cmTC_718ee.dir/build.make CMakeFiles/cmTC_718ee.dir/build
make[1]: Entering directory '/home/eva/Downloads/DBSE---Project/CODD-pro-master/build/CMakeFiles/CMakeTmp'
Building C object CMakeFiles/cmTC_718ee.dir/CheckSymbolExists.c.o
/usr/bin/c99-gcc    -o CMakeFiles/cmTC_718ee.dir/CheckSymbolExists.c.o -c /home/eva/Downloads/DBSE---Project/CODD-pro-master/build/CMakeFiles/CMakeTmp/CheckSymbolExists.c
/home/eva/Downloads/DBSE---Project/CODD-pro-master/build/CMakeFiles/CMakeTmp/CheckSymbolExists.c: In function ‘main’:
/home/eva/Downloads/DBSE---Project/CODD-pro-master/build/CMakeFiles/CMakeTmp/CheckSymbolExists.c:8:19: error: ‘CL_VERSION_2_2’ undeclared (first use in this function)
   return ((int*)(&CL_VERSION_2_2))[argc];
                   ^
/home/eva/Downloads/DBSE---Project/CODD-pro-master/build/CMakeFiles/CMakeTmp/CheckSymbolExists.c:8:19: note: each undeclared identifier is reported only once for each function it appears in
CMakeFiles/cmTC_718ee.dir/build.make:85: recipe for target 'CMakeFiles/cmTC_718ee.dir/CheckSymbolExists.c.o' failed
make[1]: *** [CMakeFiles/cmTC_718ee.dir/CheckSymbolExists.c.o] Error 1
make[1]: Leaving directory '/home/eva/Downloads/DBSE---Project/CODD-pro-master/build/CMakeFiles/CMakeTmp'
Makefile:141: recipe for target 'cmTC_718ee/fast' failed
make: *** [cmTC_718ee/fast] Error 2


File /home/eva/Downloads/DBSE---Project/CODD-pro-master/build/CMakeFiles/CMakeTmp/CheckSymbolExists.c:
/* */
#include <//usr/include/CL/cl.h>

int main(int argc, char** argv)
{
  (void)argv;
#ifndef CL_VERSION_2_2
  return ((int*)(&CL_VERSION_2_2))[argc];
#else
  (void)argc;
  return 0;
#endif
}
Determining if the CL_VERSION_2_1 exist failed with the following output:
Change Dir: /home/eva/Downloads/DBSE---Project/CODD-pro-master/build/CMakeFiles/CMakeTmp

Run Build Command(s):/usr/bin/make cmTC_f3621/fast && /usr/bin/make  -f CMakeFiles/cmTC_f3621.dir/build.make CMakeFiles/cmTC_f3621.dir/build
make[1]: Entering directory '/home/eva/Downloads/DBSE---Project/CODD-pro-master/build/CMakeFiles/CMakeTmp'
Building C object CMakeFiles/cmTC_f3621.dir/CheckSymbolExists.c.o
/usr/bin/c99-gcc    -o CMakeFiles/cmTC_f3621.dir/CheckSymbolExists.c.o -c /home/eva/Downloads/DBSE---Project/CODD-pro-master/build/CMakeFiles/CMakeTmp/CheckSymbolExists.c
/home/eva/Downloads/DBSE---Project/CODD-pro-master/build/CMakeFiles/CMakeTmp/CheckSymbolExists.c: In function ‘main’:
/home/eva/Downloads/DBSE---Project/CODD-pro-master/build/CMakeFiles/CMakeTmp/CheckSymbolExists.c:8:19: error: ‘CL_VERSION_2_1’ undeclared (first use in this function)
   return ((int*)(&CL_VERSION_2_1))[argc];
                   ^
/home/eva/Downloads/DBSE---Project/CODD-pro-master/build/CMakeFiles/CMakeTmp/CheckSymbolExists.c:8:19: note: each undeclared identifier is reported only once for each function it appears in
CMakeFiles/cmTC_f3621.dir/build.make:85: recipe for target 'CMakeFiles/cmTC_f3621.dir/CheckSymbolExists.c.o' failed
make[1]: *** [CMakeFiles/cmTC_f3621.dir/CheckSymbolExists.c.o] Error 1
make[1]: Leaving directory '/home/eva/Downloads/DBSE---Project/CODD-pro-master/build/CMakeFiles/CMakeTmp'
Makefile:141: recipe for target 'cmTC_f3621/fast' failed
make: *** [cmTC_f3621/fast] Error 2


File /home/eva/Downloads/DBSE---Project/CODD-pro-master/build/CMakeFiles/CMakeTmp/CheckSymbolExists.c:
/* */
#include <//usr/include/CL/cl.h>

int main(int argc, char** argv)
{
  (void)argv;
#ifndef CL_VERSION_2_1
  return ((int*)(&CL_VERSION_2_1))[argc];
#else
  (void)argc;
  return 0;
#endif
}
Performing C SOURCE FILE Test CMAKE_HAVE_LIBC_PTHREAD failed with the following output:
Change Dir: /home/eva/Downloads/DBSE---Project/CODD-pro-master/build/CMakeFiles/CMakeTmp

Run Build Command(s):/usr/bin/make cmTC_6c471/fast && /usr/bin/make  -f CMakeFiles/cmTC_6c471.dir/build.make CMakeFiles/cmTC_6c471.dir/build
make[1]: Entering directory '/home/eva/Downloads/DBSE---Project/CODD-pro-master/build/CMakeFiles/CMakeTmp'
Building C object CMakeFiles/cmTC_6c471.dir/src.c.o
/usr/bin/c99-gcc   -DCMAKE_HAVE_LIBC_PTHREAD -o CMakeFiles/cmTC_6c471.dir/src.c.o -c /home/eva/Downloads/DBSE---Project/CODD-pro-master/build/CMakeFiles/CMakeTmp/src.c
Linking C executable cmTC_6c471
/usr/local/bin/cmake -E cmake_link_script CMakeFiles/cmTC_6c471.dir/link.txt --verbose=1
/usr/bin/c99-gcc  -DCMAKE_HAVE_LIBC_PTHREAD CMakeFiles/cmTC_6c471.dir/src.c.o -o cmTC_6c471 
CMakeFiles/cmTC_6c471.dir/src.c.o: In function `main':
src.c:(.text+0x3c): undefined reference to `pthread_create'
src.c:(.text+0x48): undefined reference to `pthread_detach'
src.c:(.text+0x54): undefined reference to `pthread_cancel'
src.c:(.text+0x65): undefined reference to `pthread_join'
src.c:(.text+0x79): undefined reference to `pthread_atfork'
collect2: error: ld returned 1 exit status
CMakeFiles/cmTC_6c471.dir/build.make:106: recipe for target 'cmTC_6c471' failed
make[1]: *** [cmTC_6c471] Error 1
make[1]: Leaving directory '/home/eva/Downloads/DBSE---Project/CODD-pro-master/build/CMakeFiles/CMakeTmp'
Makefile:141: recipe for target 'cmTC_6c471/fast' failed
make: *** [cmTC_6c471/fast] Error 2


Source file was:
#include <pthread.h>

void* test_func(void* data)
{
  return data;
}

int main(void)
{
  pthread_t thread;
  pthread_create(&thread, NULL, test_func, NULL);
  pthread_detach(thread);
  pthread_cancel(thread);
  pthread_join(thread, NULL);
  pthread_atfork(NULL, NULL, NULL);
  pthread_exit(NULL);

  return 0;
}

Determining if the function pthread_create exists in the pthreads failed with the following output:
Change Dir: /home/eva/Downloads/DBSE---Project/CODD-pro-master/build/CMakeFiles/CMakeTmp

Run Build Command(s):/usr/bin/make cmTC_2739e/fast && /usr/bin/make  -f CMakeFiles/cmTC_2739e.dir/build.make CMakeFiles/cmTC_2739e.dir/build
make[1]: Entering directory '/home/eva/Downloads/DBSE---Project/CODD-pro-master/build/CMakeFiles/CMakeTmp'
Building C object CMakeFiles/cmTC_2739e.dir/CheckFunctionExists.c.o
/usr/bin/c99-gcc   -DCHECK_FUNCTION_EXISTS=pthread_create -o CMakeFiles/cmTC_2739e.dir/CheckFunctionExists.c.o -c /usr/local/share/cmake-3.18/Modules/CheckFunctionExists.c
Linking C executable cmTC_2739e
/usr/local/bin/cmake -E cmake_link_script CMakeFiles/cmTC_2739e.dir/link.txt --verbose=1
/usr/bin/c99-gcc  -DCHECK_FUNCTION_EXISTS=pthread_create CMakeFiles/cmTC_2739e.dir/CheckFunctionExists.c.o -o cmTC_2739e  -lpthreads 
/usr/bin/ld: cannot find -lpthreads
collect2: error: ld returned 1 exit status
CMakeFiles/cmTC_2739e.dir/build.make:106: recipe for target 'cmTC_2739e' failed
make[1]: *** [cmTC_2739e] Error 1
make[1]: Leaving directory '/home/eva/Downloads/DBSE---Project/CODD-pro-master/build/CMakeFiles/CMakeTmp'
Makefile:141: recipe for target 'cmTC_2739e/fast' failed
make: *** [cmTC_2739e/fast] Error 2



